<?xml version="1.0" encoding="UTF-8"?>
<!-- Generated by org.testng.reporters.JUnitXMLReporter -->
<testsuite hostname="DELL" name="Test" tests="5" failures="0" timestamp="15 Mar 2021 22:40:06 GMT" time="126.144" errors="0">
  <testcase name="LoginPageTitleTest" time="0.022" classname="com.traxsmart.qa.testcase.LoginPageTest"/>
  <testcase name="LoginTest" time="16.567" classname="com.traxsmart.qa.testcase.LoginPageTest"/>
  <testcase name="verifyHomaPageTitle" time="2.035" classname="com.traxsmart.qa.testcase.HomePageTest"/>
  <testcase name="verifyServiceReport" time="5.329" classname="com.traxsmart.qa.testcase.HomePageTest"/>
  <testcase name="verifyServiceRequestlink" time="5.405" classname="com.traxsmart.qa.testcase.HomePageTest"/>
</testsuite> <!-- Test -->
