<?xml version="1.0" encoding="UTF-8"?>
<testng-results skipped="0" failed="0" total="2" passed="2">
  <reporter-output>
  </reporter-output>
  <suite name="Default suite" duration-ms="37166" started-at="2021-03-16T06:06:08Z" finished-at="2021-03-16T06:06:46Z">
    <groups>
    </groups>
    <test name="Default test" duration-ms="37166" started-at="2021-03-16T06:06:08Z" finished-at="2021-03-16T06:06:46Z">
      <class name="com.traxsmart.qa.testcase.LoginPageTest">
        <test-method status="PASS" signature="setUp()[pri:0, instance:com.traxsmart.qa.testcase.LoginPageTest@39aeed2f]" name="setUp" is-config="true" duration-ms="8586" started-at="2021-03-15T23:06:08Z" finished-at="2021-03-15T23:06:17Z">
          <reporter-output>
          </reporter-output>
        </test-method> <!-- setUp -->
        <test-method status="PASS" signature="LoginPageTitleTest()[pri:0, instance:com.traxsmart.qa.testcase.LoginPageTest@39aeed2f]" name="LoginPageTitleTest" duration-ms="27" started-at="2021-03-15T23:06:17Z" finished-at="2021-03-15T23:06:17Z">
          <reporter-output>
          </reporter-output>
        </test-method> <!-- LoginPageTitleTest -->
        <test-method status="PASS" signature="TearDown()[pri:0, instance:com.traxsmart.qa.testcase.LoginPageTest@39aeed2f]" name="TearDown" is-config="true" duration-ms="775" started-at="2021-03-15T23:06:17Z" finished-at="2021-03-15T23:06:18Z">
          <reporter-output>
          </reporter-output>
        </test-method> <!-- TearDown -->
        <test-method status="PASS" signature="setUp()[pri:0, instance:com.traxsmart.qa.testcase.LoginPageTest@39aeed2f]" name="setUp" is-config="true" duration-ms="9447" started-at="2021-03-15T23:06:18Z" finished-at="2021-03-15T23:06:27Z">
          <reporter-output>
          </reporter-output>
        </test-method> <!-- setUp -->
        <test-method status="PASS" signature="LoginTest()[pri:0, instance:com.traxsmart.qa.testcase.LoginPageTest@39aeed2f]" name="LoginTest" duration-ms="17549" started-at="2021-03-15T23:06:27Z" finished-at="2021-03-15T23:06:45Z">
          <reporter-output>
          </reporter-output>
        </test-method> <!-- LoginTest -->
        <test-method status="PASS" signature="TearDown()[pri:0, instance:com.traxsmart.qa.testcase.LoginPageTest@39aeed2f]" name="TearDown" is-config="true" duration-ms="756" started-at="2021-03-15T23:06:45Z" finished-at="2021-03-15T23:06:46Z">
          <reporter-output>
          </reporter-output>
        </test-method> <!-- TearDown -->
      </class> <!-- com.traxsmart.qa.testcase.LoginPageTest -->
    </test> <!-- Default test -->
  </suite> <!-- Default suite -->
</testng-results>
